09/11/2017 11:27:41: Steps to execute: {'nodes', 'transactions', 'edges', 'patterns'}
09/11/2017 11:27:41: 
09/11/2017 11:27:41: ------------##############------------
09/11/2017 11:27:41: Generating nodes
09/11/2017 11:27:41: 0 Company of 3 are generated
09/11/2017 11:27:41: TOTAL Company of 3 are generated
09/11/2017 11:27:41: 0 ATM of 1 are generated
09/11/2017 11:27:41: TOTAL ATM of 1 are generated
09/11/2017 11:27:41: 0 Client of 100 are generated
09/11/2017 11:27:41: TOTAL Client of 100 are generated
09/11/2017 11:27:41: 
09/11/2017 11:27:41: ------------##############------------
09/11/2017 11:27:41: Generating edges
09/11/2017 11:27:41: Loading clients...
09/11/2017 11:27:41: Loading companies...
09/11/2017 11:27:41: Loading atms...
09/11/2017 11:27:41: client->client: Source node number 1, number of edges: 0
09/11/2017 11:27:41: client->client ### TOTAL number of edges 40
09/11/2017 11:27:41: client->company: Source node number 1, number of edges: 0
09/11/2017 11:27:41: company->client: Source node number 1, number of edges: 0
09/11/2017 11:27:41: client->company ### TOTAL number of edges 2
09/11/2017 11:27:41: company->client ### TOTAL number of edges 4
09/11/2017 11:27:41: client->atm: Source node number 1, number of edges: 0
09/11/2017 11:27:41: client->atm ### TOTAL number of edges 34
09/11/2017 11:27:41: 
09/11/2017 11:27:41: ------------##############------------
09/11/2017 11:27:41: Generating transactions
09/11/2017 11:27:41: transaction(client->*): generating transactions for source node 1, transaction count: 0
09/11/2017 11:27:41: transaction(company->client): generating transactions for source node 1, transaction count: 0
09/11/2017 11:27:41: transaction(company->client): TOTAL: generating transactions for source node 3, transaction count: 7
09/11/2017 11:27:41: transaction(client->*): TOTAL: generating transactions for source node 100, transaction count: 235
09/11/2017 11:27:41: 
09/11/2017 11:27:41: ------------##############------------
09/11/2017 11:27:41: Generating patterns
09/11/2017 11:27:41: Loading clients...
09/11/2017 11:27:41: Loading companies...
09/11/2017 11:27:41: Flow patterns: Number of patterns to be generated: 8
09/11/2017 11:27:41: Circular patterns: Number of patterns to be generated: 10
09/11/2017 11:27:41: Time patterns: Number of patterns to be generated: 2
09/11/2017 11:27:41: Circular patterns: TOTAL Generated 30 patterns with 333 transactions in total
09/11/2017 11:27:41: Time patterns: TOTAL Generated 6 patterns with 93 transactions in total
09/11/2017 11:27:41: Flow patterns: TOTAL Generated 24 patterns with 1931 transactions in total
