09/11/2017 11:01:26: Steps to execute: {'nodes', 'edges', 'transactions', 'patterns'}
09/11/2017 11:01:26: 
09/11/2017 11:01:26: ------------##############------------
09/11/2017 11:01:26: Generating nodes
09/11/2017 11:01:26: 0 Company of 3 are generated
09/11/2017 11:01:26: 0 ATM of 1 are generated
09/11/2017 11:01:26: TOTAL Company of 3 are generated
09/11/2017 11:01:26: TOTAL ATM of 1 are generated
09/11/2017 11:01:26: 0 Client of 100 are generated
09/11/2017 11:01:26: TOTAL Client of 100 are generated
09/11/2017 11:01:26: 
09/11/2017 11:01:26: ------------##############------------
09/11/2017 11:01:26: Generating edges
09/11/2017 11:01:26: Loading clients...
09/11/2017 11:01:26: Loading companies...
09/11/2017 11:01:26: Loading atms...
09/11/2017 11:01:26: client->client: Source node number 1, number of edges: 0
09/11/2017 11:01:26: client->client ### TOTAL number of edges 27
09/11/2017 11:01:26: client->company: Source node number 1, number of edges: 0
09/11/2017 11:01:26: client->company ### TOTAL number of edges 4
09/11/2017 11:01:26: company->client: Source node number 1, number of edges: 0
09/11/2017 11:01:26: company->client ### TOTAL number of edges 1
09/11/2017 11:01:26: client->atm: Source node number 1, number of edges: 0
09/11/2017 11:01:26: client->atm ### TOTAL number of edges 29
09/11/2017 11:01:26: 
09/11/2017 11:01:26: ------------##############------------
09/11/2017 11:01:26: Generating transactions
09/11/2017 11:01:26: transaction(company->client): generating transactions for source node 1, transaction count: 0
09/11/2017 11:01:26: transaction(company->client): TOTAL: generating transactions for source node 3, transaction count: 3
09/11/2017 11:01:26: transaction(client->*): generating transactions for source node 1, transaction count: 0
09/11/2017 11:01:26: transaction(client->*): TOTAL: generating transactions for source node 100, transaction count: 152
09/11/2017 11:01:26: 
09/11/2017 11:01:26: ------------##############------------
09/11/2017 11:01:26: Generating patterns
09/11/2017 11:01:26: Loading clients...
09/11/2017 11:01:26: Loading companies...
09/11/2017 11:01:26: Flow patterns: Number of patterns to be generated: 9
09/11/2017 11:01:26: Circular patterns: Number of patterns to be generated: 4
09/11/2017 11:01:26: Time patterns: Number of patterns to be generated: 1
09/11/2017 11:01:26: Time patterns: TOTAL Generated 3 patterns with 37 transactions in total
09/11/2017 11:01:26: Circular patterns: TOTAL Generated 12 patterns with 43 transactions in total
09/11/2017 11:01:26: Flow patterns: TOTAL Generated 27 patterns with 2111 transactions in total
