09/11/2017 11:56:48: Steps to execute: {'edges', 'transactions', 'patterns', 'nodes'}
09/11/2017 11:56:48: 
09/11/2017 11:56:48: ------------##############------------
09/11/2017 11:56:48: Generating nodes
09/11/2017 11:56:48: 0 Company of 3 are generated
09/11/2017 11:56:48: TOTAL Company of 3 are generated
09/11/2017 11:56:48: 0 ATM of 1 are generated
09/11/2017 11:56:48: TOTAL ATM of 1 are generated
09/11/2017 11:56:48: 0 Client of 100 are generated
09/11/2017 11:56:48: TOTAL Client of 100 are generated
09/11/2017 11:56:48: 
09/11/2017 11:56:48: ------------##############------------
09/11/2017 11:56:48: Generating edges
09/11/2017 11:56:48: Loading clients...
09/11/2017 11:56:48: Loading companies...
09/11/2017 11:56:48: Loading atms...
09/11/2017 11:56:48: client->client: Source node number 1, number of edges: 0
09/11/2017 11:56:48: client->client ### TOTAL number of edges 35
09/11/2017 11:56:48: client->company: Source node number 1, number of edges: 0
09/11/2017 11:56:48: client->company ### TOTAL number of edges 2
09/11/2017 11:56:48: client->atm: Source node number 1, number of edges: 0
09/11/2017 11:56:48: client->atm ### TOTAL number of edges 25
09/11/2017 11:56:48: company->client: Source node number 1, number of edges: 0
09/11/2017 11:56:48: company->client ### TOTAL number of edges 3
09/11/2017 11:56:48: 
09/11/2017 11:56:48: ------------##############------------
09/11/2017 11:56:48: Generating transactions
09/11/2017 11:56:48: transaction(client->*): generating transactions for source node 1, transaction count: 0
09/11/2017 11:56:48: transaction(company->client): generating transactions for source node 1, transaction count: 0
09/11/2017 11:56:48: transaction(company->client): TOTAL: generating transactions for source node 3, transaction count: 15
09/11/2017 11:56:48: transaction(client->*): TOTAL: generating transactions for source node 100, transaction count: 174
09/11/2017 11:56:48: 
09/11/2017 11:56:48: ------------##############------------
09/11/2017 11:56:48: Generating patterns
09/11/2017 11:56:48: Loading clients...
09/11/2017 11:56:48: Loading companies...
09/11/2017 11:56:48: Flow patterns: Number of patterns to be generated: 3
09/11/2017 11:56:48: Circular patterns: Number of patterns to be generated: 9
09/11/2017 11:56:48: Time patterns: Number of patterns to be generated: 8
09/11/2017 11:56:48: Circular patterns: TOTAL Generated 27 patterns with 222 transactions in total
09/11/2017 11:56:48: Flow patterns: TOTAL Generated 9 patterns with 481 transactions in total
09/11/2017 11:56:48: Time patterns: TOTAL Generated 24 patterns with 1125 transactions in total
