09/11/2017 11:25:21: Steps to execute: {'nodes', 'patterns', 'transactions', 'edges'}
09/11/2017 11:25:21: 
09/11/2017 11:25:21: ------------##############------------
09/11/2017 11:25:21: Generating nodes
09/11/2017 11:25:21: 0 Company of 3 are generated
09/11/2017 11:25:21: TOTAL Company of 3 are generated
09/11/2017 11:25:21: 0 ATM of 1 are generated
09/11/2017 11:25:21: TOTAL ATM of 1 are generated
09/11/2017 11:25:21: 0 Client of 100 are generated
09/11/2017 11:25:22: TOTAL Client of 100 are generated
09/11/2017 11:25:22: 
09/11/2017 11:25:22: ------------##############------------
09/11/2017 11:25:22: Generating edges
09/11/2017 11:25:22: Loading clients...
09/11/2017 11:25:22: Loading companies...
09/11/2017 11:25:22: Loading atms...
09/11/2017 11:25:22: client->client: Source node number 1, number of edges: 0
09/11/2017 11:25:22: client->client ### TOTAL number of edges 44
09/11/2017 11:25:22: client->atm: Source node number 1, number of edges: 0
09/11/2017 11:25:22: client->atm ### TOTAL number of edges 31
09/11/2017 11:25:22: client->company: Source node number 1, number of edges: 0
09/11/2017 11:25:22: company->client: Source node number 1, number of edges: 0
09/11/2017 11:25:22: client->company ### TOTAL number of edges 2
09/11/2017 11:25:22: company->client ### TOTAL number of edges 3
09/11/2017 11:25:22: 
09/11/2017 11:25:22: ------------##############------------
09/11/2017 11:25:22: Generating transactions
09/11/2017 11:25:22: transaction(client->*): generating transactions for source node 1, transaction count: 0
09/11/2017 11:25:22: transaction(company->client): generating transactions for source node 1, transaction count: 0
09/11/2017 11:25:22: transaction(company->client): TOTAL: generating transactions for source node 3, transaction count: 4
09/11/2017 11:25:22: transaction(client->*): TOTAL: generating transactions for source node 100, transaction count: 235
09/11/2017 11:25:22: 
09/11/2017 11:25:22: ------------##############------------
09/11/2017 11:25:22: Generating patterns
09/11/2017 11:25:22: Loading clients...
09/11/2017 11:25:22: Loading companies...
09/11/2017 11:25:22: Flow patterns: Number of patterns to be generated: 10
09/11/2017 11:25:22: Circular patterns: Number of patterns to be generated: 7
09/11/2017 11:25:22: Time patterns: Number of patterns to be generated: 1
09/11/2017 11:25:22: Time patterns: TOTAL Generated 3 patterns with 12 transactions in total
09/11/2017 11:25:22: Circular patterns: TOTAL Generated 21 patterns with 119 transactions in total
09/11/2017 11:25:22: Flow patterns: TOTAL Generated 30 patterns with 2843 transactions in total
