09/11/2017 11:00:03: Steps to execute: {'edges', 'patterns', 'transactions', 'nodes'}
09/11/2017 11:00:03: 
09/11/2017 11:00:03: ------------##############------------
09/11/2017 11:00:03: Generating nodes
09/11/2017 11:00:03: 0 Company of 3 are generated
09/11/2017 11:00:03: TOTAL Company of 3 are generated
09/11/2017 11:00:03: 0 ATM of 1 are generated
09/11/2017 11:00:03: TOTAL ATM of 1 are generated
09/11/2017 11:00:03: 0 Client of 100 are generated
09/11/2017 11:00:03: TOTAL Client of 100 are generated
09/11/2017 11:00:03: 
09/11/2017 11:00:03: ------------##############------------
09/11/2017 11:00:03: Generating edges
09/11/2017 11:00:03: Loading clients...
09/11/2017 11:00:03: Loading companies...
09/11/2017 11:00:03: Loading atms...
09/11/2017 11:00:03: client->company: Source node number 1, number of edges: 0
09/11/2017 11:00:03: client->company ### TOTAL number of edges 3
09/11/2017 11:00:03: client->atm: Source node number 1, number of edges: 0
09/11/2017 11:00:03: client->atm ### TOTAL number of edges 34
09/11/2017 11:00:03: client->client: Source node number 1, number of edges: 0
09/11/2017 11:00:03: client->client ### TOTAL number of edges 46
09/11/2017 11:00:03: company->client: Source node number 1, number of edges: 0
09/11/2017 11:00:03: company->client ### TOTAL number of edges 1
09/11/2017 11:00:03: 
09/11/2017 11:00:03: ------------##############------------
09/11/2017 11:00:03: Generating transactions
09/11/2017 11:00:03: transaction(client->*): generating transactions for source node 1, transaction count: 0
09/11/2017 11:00:03: transaction(company->client): generating transactions for source node 1, transaction count: 0
09/11/2017 11:00:03: transaction(company->client): TOTAL: generating transactions for source node 3, transaction count: 5
09/11/2017 11:00:03: transaction(client->*): TOTAL: generating transactions for source node 100, transaction count: 247
09/11/2017 11:00:03: 
09/11/2017 11:00:03: ------------##############------------
09/11/2017 11:00:03: Generating patterns
09/11/2017 11:00:03: Loading clients...
09/11/2017 11:00:03: Loading companies...
09/11/2017 11:00:03: Flow patterns: Number of patterns to be generated: 7
09/11/2017 11:00:03: Circular patterns: Number of patterns to be generated: 4
09/11/2017 11:00:03: Time patterns: Number of patterns to be generated: 7
09/11/2017 11:00:03: Circular patterns: TOTAL Generated 12 patterns with 58 transactions in total
09/11/2017 11:00:03: Time patterns: TOTAL Generated 21 patterns with 727 transactions in total
09/11/2017 11:00:03: Flow patterns: TOTAL Generated 21 patterns with 2427 transactions in total
