09/11/2017 11:03:39: Steps to execute: {'transactions', 'edges', 'patterns', 'nodes'}
09/11/2017 11:03:39: 
09/11/2017 11:03:39: ------------##############------------
09/11/2017 11:03:39: Generating nodes
09/11/2017 11:03:39: 0 ATM of 1 are generated
09/11/2017 11:03:39: TOTAL ATM of 1 are generated
09/11/2017 11:03:39: 0 Company of 3 are generated
09/11/2017 11:03:39: TOTAL Company of 3 are generated
09/11/2017 11:03:39: 0 Client of 100 are generated
09/11/2017 11:03:39: TOTAL Client of 100 are generated
09/11/2017 11:03:39: 
09/11/2017 11:03:39: ------------##############------------
09/11/2017 11:03:39: Generating edges
09/11/2017 11:03:39: Loading clients...
09/11/2017 11:03:39: Loading companies...
09/11/2017 11:03:39: Loading atms...
09/11/2017 11:03:39: client->client: Source node number 1, number of edges: 0
09/11/2017 11:03:39: client->client ### TOTAL number of edges 33
09/11/2017 11:03:39: client->company: Source node number 1, number of edges: 0
09/11/2017 11:03:39: client->company ### TOTAL number of edges 2
09/11/2017 11:03:39: client->atm: Source node number 1, number of edges: 0
09/11/2017 11:03:39: company->client: Source node number 1, number of edges: 0
09/11/2017 11:03:39: client->atm ### TOTAL number of edges 19
09/11/2017 11:03:39: company->client ### TOTAL number of edges 0
09/11/2017 11:03:39: 
09/11/2017 11:03:39: ------------##############------------
09/11/2017 11:03:39: Generating transactions
09/11/2017 11:03:39: transaction(client->*): generating transactions for source node 1, transaction count: 0
09/11/2017 11:03:39: transaction(company->client): generating transactions for source node 1, transaction count: 0
09/11/2017 11:03:39: transaction(company->client): TOTAL: generating transactions for source node 3, transaction count: 0
09/11/2017 11:03:39: transaction(client->*): TOTAL: generating transactions for source node 100, transaction count: 164
09/11/2017 11:03:39: 
09/11/2017 11:03:39: ------------##############------------
09/11/2017 11:03:39: Generating patterns
09/11/2017 11:03:39: Loading clients...
09/11/2017 11:03:39: Loading companies...
09/11/2017 11:03:39: Flow patterns: Number of patterns to be generated: 6
09/11/2017 11:03:39: Circular patterns: Number of patterns to be generated: 3
09/11/2017 11:03:39: Time patterns: Number of patterns to be generated: 7
09/11/2017 11:03:39: Circular patterns: TOTAL Generated 9 patterns with 29 transactions in total
09/11/2017 11:03:39: Flow patterns: TOTAL Generated 18 patterns with 880 transactions in total
09/11/2017 11:03:39: Time patterns: TOTAL Generated 21 patterns with 814 transactions in total
