16/11/2017 14:35:36: Steps to execute: {'patterns', 'nodes', 'transactions', 'edges'}
16/11/2017 14:35:36: 
16/11/2017 14:35:36: ------------##############------------
16/11/2017 14:35:36: Generating nodes
16/11/2017 14:35:36: 0 Company of 3 are generated
16/11/2017 14:35:36: TOTAL Company of 3 are generated
16/11/2017 14:35:36: 0 ATM of 1 are generated
16/11/2017 14:35:36: TOTAL ATM of 1 are generated
16/11/2017 14:35:36: 0 Client of 100 are generated
16/11/2017 14:35:36: TOTAL Client of 100 are generated
16/11/2017 14:35:36: 
16/11/2017 14:35:36: ------------##############------------
16/11/2017 14:35:36: Generating edges
16/11/2017 14:35:36: Loading clients...
16/11/2017 14:35:36: Loading companies...
16/11/2017 14:35:36: Loading atms...
16/11/2017 14:35:36: client->client: Source node number 1, number of edges: 0
16/11/2017 14:35:36: client->client ### TOTAL number of edges 36
16/11/2017 14:35:36: client->atm: Source node number 1, number of edges: 0
16/11/2017 14:35:36: client->atm ### TOTAL number of edges 36
16/11/2017 14:35:36: client->company: Source node number 1, number of edges: 0
16/11/2017 14:35:36: client->company ### TOTAL number of edges 2
16/11/2017 14:35:36: company->client: Source node number 1, number of edges: 0
16/11/2017 14:35:36: company->client ### TOTAL number of edges 2
16/11/2017 14:35:36: 
16/11/2017 14:35:36: ------------##############------------
16/11/2017 14:35:36: Generating transactions
16/11/2017 14:35:36: transaction(client->*): generating transactions for source node 1, transaction count: 0
16/11/2017 14:35:36: transaction(company->client): generating transactions for source node 1, transaction count: 0
16/11/2017 14:35:36: transaction(company->client): TOTAL: generating transactions for source node 3, transaction count: 3
16/11/2017 14:35:36: transaction(client->*): TOTAL: generating transactions for source node 100, transaction count: 246
16/11/2017 14:35:36: 
16/11/2017 14:35:36: ------------##############------------
16/11/2017 14:35:36: Generating patterns
16/11/2017 14:35:36: Loading clients...
16/11/2017 14:35:36: Loading companies...
16/11/2017 14:35:36: Circular patterns: Number of patterns to be generated: 7
16/11/2017 14:35:36: Flow patterns: Number of patterns to be generated: 10
16/11/2017 14:35:36: Time patterns: Number of patterns to be generated: 4
16/11/2017 14:35:36: Circular patterns: TOTAL Generated 21 patterns with 178 transactions in total
16/11/2017 14:35:36: Time patterns: TOTAL Generated 12 patterns with 319 transactions in total
16/11/2017 14:35:36: Flow patterns: TOTAL Generated 30 patterns with 3089 transactions in total
